{"/Users/tatsiana/Desktop/Questionnair/src/components/Button/index.tsx": {"path":"/Users/tatsiana/Desktop/Questionnair/src/components/Button/index.tsx","statementMap":{"0":{"start":{"line":2,"column":0},"end":{"line":2,"column":47}},"1":{"start":{"line":9,"column":19},"end":{"line":23,"column":null}},"2":{"start":{"line":11,"column":4},"end":{"line":22,"column":null}},"3":{"start":{"line":13,"column":8},"end":{"line":13,"column":null}},"4":{"start":{"line":15,"column":8},"end":{"line":18,"column":null}},"5":{"start":{"line":21,"column":8},"end":{"line":21,"column":null}},"6":{"start":{"line":26,"column":15},"end":{"line":31,"column":null}},"7":{"start":{"line":61,"column":0},"end":{"line":64,"column":null}},"8":{"start":{"line":66,"column":0},"end":{"line":66,"column":null}}},"fnMap":{"0":{"name":"(anonymous_7)","decl":{"start":{"line":10,"column":4},"end":{"line":10,"column":9}},"loc":{"start":{"line":10,"column":9},"end":{"line":23,"column":3}}}},"branchMap":{"0":{"loc":{"start":{"line":9,"column":22},"end":{"line":9,"column":49}},"type":"binary-expr","locations":[{"start":{"line":9,"column":22},"end":{"line":9,"column":49}},{"start":{"line":9,"column":22},"end":{"line":24,"column":null}}]},"1":{"loc":{"start":{"line":12,"column":6},"end":{"line":13,"column":null}},"type":"switch","locations":[{"start":{"line":12,"column":6},"end":{"line":13,"column":null}},{"start":{"line":14,"column":6},"end":{"line":18,"column":null}},{"start":{"line":19,"column":6},"end":{"line":19,"column":16}},{"start":{"line":20,"column":6},"end":{"line":21,"column":null}}]},"2":{"loc":{"start":{"line":26,"column":28},"end":{"line":26,"column":41}},"type":"binary-expr","locations":[{"start":{"line":26,"column":28},"end":{"line":26,"column":41}},{"start":{"line":26,"column":28},"end":{"line":59,"column":null}}]}},"s":{"0":1,"1":1,"2":6,"3":1,"4":1,"5":4,"6":1,"7":1,"8":1},"f":{"0":6},"b":{"0":[1,1],"1":[1,1,4,4],"2":[1,1]}}
}
